d:\github\paydayblt\payday-2-blt\proj\release\vc120.pdb
d:\github\paydayblt\payday-2-blt\proj\release\logging.obj
d:\github\paydayblt\payday-2-blt\proj\release\files.obj
d:\github\paydayblt\payday-2-blt\proj\release\threadqueue.obj
d:\github\paydayblt\payday-2-blt\proj\release\signatures.obj
d:\github\paydayblt\payday-2-blt\proj\release\initiatestate.obj
d:\github\paydayblt\payday-2-blt\proj\release\iphp.obj
d:\github\paydayblt\payday-2-blt\proj\release\http.obj
d:\github\paydayblt\payday-2-blt\proj\release\console.obj
d:\github\paydayblt\payday-2-blt\proj\release\addons.obj
d:\github\paydayblt\release\iphlpapi.lib
d:\github\paydayblt\release\iphlpapi.exp
d:\github\paydayblt\release\iphlpapi.dll
d:\github\paydayblt\release\iphlpapi.pdb
d:\github\paydayblt\payday-2-blt\proj\release\iphlpapi.tlog\cl.command.1.tlog
d:\github\paydayblt\payday-2-blt\proj\release\iphlpapi.tlog\cl.read.1.tlog
d:\github\paydayblt\payday-2-blt\proj\release\iphlpapi.tlog\cl.write.1.tlog
d:\github\paydayblt\payday-2-blt\proj\release\iphlpapi.tlog\iphlpapi.write.1u.tlog
d:\github\paydayblt\payday-2-blt\proj\release\iphlpapi.tlog\link.command.1.tlog
d:\github\paydayblt\payday-2-blt\proj\release\iphlpapi.tlog\link.read.1.tlog
d:\github\paydayblt\payday-2-blt\proj\release\iphlpapi.tlog\link.write.1.tlog
